<?xml version="1.0" encoding="UTF-8"?>
<testsuite xmlns:xsi="http://www.w3.org/2001/XMLSchema-instance" xsi:noNamespaceSchemaLocation="https://maven.apache.org/surefire/maven-surefire-plugin/xsd/surefire-test-report.xsd" name="com.lgq.cn.AppTest" time="0.035" tests="1" errors="0" skipped="0" failures="0">
  <properties>
    <property name="sun.desktop" value="windows"/>
    <property name="awt.toolkit" value="sun.awt.windows.WToolkit"/>
    <property name="java.specification.version" value="11"/>
    <property name="sun.cpu.isalist" value="amd64"/>
    <property name="sun.jnu.encoding" value="GBK"/>
    <property name="java.class.path" value="E:\idea_project\core-test\target\test-classes;E:\idea_project\core-test\target\classes;D:\dev_tools\MavenRepository\junit\junit\4.11\junit-4.11.jar;D:\dev_tools\MavenRepository\org\hamcrest\hamcrest-core\1.3\hamcrest-core-1.3.jar;D:\dev_tools\MavenRepository\org\springframework\boot\spring-boot-starter\2.2.2.RELEASE\spring-boot-starter-2.2.2.RELEASE.jar;D:\dev_tools\MavenRepository\org\springframework\boot\spring-boot\2.2.2.RELEASE\spring-boot-2.2.2.RELEASE.jar;D:\dev_tools\MavenRepository\org\springframework\spring-context\5.2.2.RELEASE\spring-context-5.2.2.RELEASE.jar;D:\dev_tools\MavenRepository\org\springframework\spring-aop\5.2.2.RELEASE\spring-aop-5.2.2.RELEASE.jar;D:\dev_tools\MavenRepository\org\springframework\spring-beans\5.2.2.RELEASE\spring-beans-5.2.2.RELEASE.jar;D:\dev_tools\MavenRepository\org\springframework\spring-expression\5.2.2.RELEASE\spring-expression-5.2.2.RELEASE.jar;D:\dev_tools\MavenRepository\org\springframework\boot\spring-boot-starter-logging\2.2.2.RELEASE\spring-boot-starter-logging-2.2.2.RELEASE.jar;D:\dev_tools\MavenRepository\ch\qos\logback\logback-classic\1.2.3\logback-classic-1.2.3.jar;D:\dev_tools\MavenRepository\ch\qos\logback\logback-core\1.2.3\logback-core-1.2.3.jar;D:\dev_tools\MavenRepository\org\slf4j\slf4j-api\1.7.25\slf4j-api-1.7.25.jar;D:\dev_tools\MavenRepository\org\apache\logging\log4j\log4j-to-slf4j\2.12.1\log4j-to-slf4j-2.12.1.jar;D:\dev_tools\MavenRepository\org\apache\logging\log4j\log4j-api\2.12.1\log4j-api-2.12.1.jar;D:\dev_tools\MavenRepository\org\slf4j\jul-to-slf4j\1.7.29\jul-to-slf4j-1.7.29.jar;D:\dev_tools\MavenRepository\jakarta\annotation\jakarta.annotation-api\1.3.5\jakarta.annotation-api-1.3.5.jar;D:\dev_tools\MavenRepository\org\springframework\spring-core\5.2.2.RELEASE\spring-core-5.2.2.RELEASE.jar;D:\dev_tools\MavenRepository\org\springframework\spring-jcl\5.2.2.RELEASE\spring-jcl-5.2.2.RELEASE.jar;D:\dev_tools\MavenRepository\org\yaml\snakeyaml\1.25\snakeyaml-1.25.jar;D:\dev_tools\MavenRepository\org\springframework\boot\spring-boot-autoconfigure\2.2.2.RELEASE\spring-boot-autoconfigure-2.2.2.RELEASE.jar;"/>
    <property name="java.vm.vendor" value="Oracle Corporation"/>
    <property name="sun.arch.data.model" value="64"/>
    <property name="user.variant" value=""/>
    <property name="java.vendor.url" value="http://java.oracle.com/"/>
    <property name="user.timezone" value="Asia/Shanghai"/>
    <property name="java.vm.specification.version" value="11"/>
    <property name="os.name" value="Windows 10"/>
    <property name="sun.java.launcher" value="SUN_STANDARD"/>
    <property name="user.country" value="CN"/>
    <property name="sun.boot.library.path" value="D:\dev_tools\jdk11\bin"/>
    <property name="sun.java.command" value="C:\Users\dell\AppData\Local\Temp\surefire9019903060031863576\surefirebooter16360241789939022607.jar C:\Users\dell\AppData\Local\Temp\surefire9019903060031863576 2019-12-12T10-26-54_394-jvmRun1 surefire8290494137871869532tmp surefire_010340636790842888140tmp"/>
    <property name="jdk.debug" value="release"/>
    <property name="surefire.test.class.path" value="E:\idea_project\core-test\target\test-classes;E:\idea_project\core-test\target\classes;D:\dev_tools\MavenRepository\junit\junit\4.11\junit-4.11.jar;D:\dev_tools\MavenRepository\org\hamcrest\hamcrest-core\1.3\hamcrest-core-1.3.jar;D:\dev_tools\MavenRepository\org\springframework\boot\spring-boot-starter\2.2.2.RELEASE\spring-boot-starter-2.2.2.RELEASE.jar;D:\dev_tools\MavenRepository\org\springframework\boot\spring-boot\2.2.2.RELEASE\spring-boot-2.2.2.RELEASE.jar;D:\dev_tools\MavenRepository\org\springframework\spring-context\5.2.2.RELEASE\spring-context-5.2.2.RELEASE.jar;D:\dev_tools\MavenRepository\org\springframework\spring-aop\5.2.2.RELEASE\spring-aop-5.2.2.RELEASE.jar;D:\dev_tools\MavenRepository\org\springframework\spring-beans\5.2.2.RELEASE\spring-beans-5.2.2.RELEASE.jar;D:\dev_tools\MavenRepository\org\springframework\spring-expression\5.2.2.RELEASE\spring-expression-5.2.2.RELEASE.jar;D:\dev_tools\MavenRepository\org\springframework\boot\spring-boot-starter-logging\2.2.2.RELEASE\spring-boot-starter-logging-2.2.2.RELEASE.jar;D:\dev_tools\MavenRepository\ch\qos\logback\logback-classic\1.2.3\logback-classic-1.2.3.jar;D:\dev_tools\MavenRepository\ch\qos\logback\logback-core\1.2.3\logback-core-1.2.3.jar;D:\dev_tools\MavenRepository\org\slf4j\slf4j-api\1.7.25\slf4j-api-1.7.25.jar;D:\dev_tools\MavenRepository\org\apache\logging\log4j\log4j-to-slf4j\2.12.1\log4j-to-slf4j-2.12.1.jar;D:\dev_tools\MavenRepository\org\apache\logging\log4j\log4j-api\2.12.1\log4j-api-2.12.1.jar;D:\dev_tools\MavenRepository\org\slf4j\jul-to-slf4j\1.7.29\jul-to-slf4j-1.7.29.jar;D:\dev_tools\MavenRepository\jakarta\annotation\jakarta.annotation-api\1.3.5\jakarta.annotation-api-1.3.5.jar;D:\dev_tools\MavenRepository\org\springframework\spring-core\5.2.2.RELEASE\spring-core-5.2.2.RELEASE.jar;D:\dev_tools\MavenRepository\org\springframework\spring-jcl\5.2.2.RELEASE\spring-jcl-5.2.2.RELEASE.jar;D:\dev_tools\MavenRepository\org\yaml\snakeyaml\1.25\snakeyaml-1.25.jar;D:\dev_tools\MavenRepository\org\springframework\boot\spring-boot-autoconfigure\2.2.2.RELEASE\spring-boot-autoconfigure-2.2.2.RELEASE.jar;"/>
    <property name="sun.cpu.endian" value="little"/>
    <property name="user.home" value="C:\Users\dell"/>
    <property name="user.language" value="zh"/>
    <property name="java.specification.vendor" value="Oracle Corporation"/>
    <property name="java.version.date" value="2019-01-15"/>
    <property name="java.home" value="D:\dev_tools\jdk11"/>
    <property name="file.separator" value="\"/>
    <property name="basedir" value="E:\idea_project\core-test"/>
    <property name="java.vm.compressedOopsMode" value="Zero based"/>
    <property name="line.separator" value="&#10;"/>
    <property name="java.specification.name" value="Java Platform API Specification"/>
    <property name="java.vm.specification.vendor" value="Oracle Corporation"/>
    <property name="java.awt.graphicsenv" value="sun.awt.Win32GraphicsEnvironment"/>
    <property name="surefire.real.class.path" value="C:\Users\dell\AppData\Local\Temp\surefire9019903060031863576\surefirebooter16360241789939022607.jar"/>
    <property name="user.script" value=""/>
    <property name="sun.management.compiler" value="HotSpot 64-Bit Tiered Compilers"/>
    <property name="java.runtime.version" value="11.0.2+9-LTS"/>
    <property name="user.name" value="dell"/>
    <property name="path.separator" value=";"/>
    <property name="os.version" value="10.0"/>
    <property name="java.runtime.name" value="Java(TM) SE Runtime Environment"/>
    <property name="file.encoding" value="GBK"/>
    <property name="java.vm.name" value="Java HotSpot(TM) 64-Bit Server VM"/>
    <property name="java.vendor.version" value="18.9"/>
    <property name="localRepository" value="D:\dev_tools\MavenRepository"/>
    <property name="java.vendor.url.bug" value="http://bugreport.java.com/bugreport/"/>
    <property name="java.io.tmpdir" value="C:\Users\dell\AppData\Local\Temp\"/>
    <property name="idea.version" value="2018.3.4"/>
    <property name="java.version" value="11.0.2"/>
    <property name="user.dir" value="E:\idea_project\core-test"/>
    <property name="os.arch" value="amd64"/>
    <property name="java.vm.specification.name" value="Java Virtual Machine Specification"/>
    <property name="java.awt.printerjob" value="sun.awt.windows.WPrinterJob"/>
    <property name="sun.os.patch.level" value=""/>
    <property name="java.library.path" value="D:\dev_tools\jdk11\bin;C:\Windows\Sun\Java\bin;C:\Windows\system32;C:\Windows;C:\Program Files (x86)\Intel\Intel(R) Management Engine Components\iCLS\;C:\Program Files\Intel\Intel(R) Management Engine Components\iCLS\;C:\Windows\system32;C:\Windows;C:\Windows\System32\Wbem;C:\Windows\System32\WindowsPowerShell\v1.0\;C:\Windows\System32\OpenSSH\;C:\Program Files (x86)\Intel\Intel(R) Management Engine Components\DAL;C:\Program Files\Intel\Intel(R) Management Engine Components\DAL;C:\Program Files\Intel\WiFi\bin\;C:\Program Files\Common Files\Intel\WirelessCommon\;C:\Program Files (x86)\NVIDIA Corporation\PhysX\Common;C:\Program Files\Git\cmd;C:\Program Files\nodejs\;D:\dev_tools\mysql5.7\bin;C:\Users\dell\AppData\Local\Microsoft\WindowsApps;C:\Users\dell\AppData\Roaming\npm;D:\dev_tools\IntelliJ IDEA 2018.3.4\bin;;D:\dev_tools\gradle-5.3.1\bin;D:\dev_tools\jdk11\bin;;."/>
    <property name="java.vendor" value="Oracle Corporation"/>
    <property name="java.vm.info" value="mixed mode"/>
    <property name="java.vm.version" value="11.0.2+9-LTS"/>
    <property name="sun.io.unicode.encoding" value="UnicodeLittle"/>
    <property name="maven.repo.local" value="D:\dev_tools\MavenRepository"/>
    <property name="java.class.version" value="55.0"/>
  </properties>
  <testcase name="shouldAnswerWithTrue" classname="com.lgq.cn.AppTest" time="0.001"/>
</testsuite>